1646587686.861992 client started (1617): version 3.2a, socket /private/tmp/tmux-501/default, protocol 8
1646587686.862052 on Darwin 21.3.0 Darwin Kernel Version 21.3.0: Wed Jan  5 21:37:58 PST 2022; root:xnu-8019.80.24~20/RELEASE_ARM64_T8101
1646587686.862100 using libevent 2.1.12-stable (select); utf8proc 2.7.0; ncurses 6.2
1646587686.862136 flags are 0x10010000
1646587686.862147 socket is /private/tmp/tmux-501/default
1646587686.862164 trying connect
1646587686.862238 add peer 0x138008000: 6 (0x0)
1646587686.867983 sending message 100 to peer 0x138008000 (4 bytes)
1646587686.868011 sending message 111 to peer 0x138008000 (8 bytes)
1646587686.868021 sending message 101 to peer 0x138008000 (7 bytes)
1646587686.868031 sending message 109 to peer 0x138008000 (4 bytes)
1646587686.868040 sending message 102 to peer 0x138008000 (13 bytes)
1646587686.868048 sending message 108 to peer 0x138008000 (54 bytes)
1646587686.868056 sending message 112 to peer 0x138008000 (70 bytes)
1646587686.868065 sending message 112 to peer 0x138008000 (5 bytes)
1646587686.868073 sending message 112 to peer 0x138008000 (5 bytes)
1646587686.868081 sending message 112 to peer 0x138008000 (6 bytes)
1646587686.868089 sending message 112 to peer 0x138008000 (6 bytes)
1646587686.868097 sending message 112 to peer 0x138008000 (11 bytes)
1646587686.868106 sending message 112 to peer 0x138008000 (10 bytes)
1646587686.868114 sending message 112 to peer 0x138008000 (13 bytes)
1646587686.868122 sending message 112 to peer 0x138008000 (13 bytes)
1646587686.868130 sending message 112 to peer 0x138008000 (18 bytes)
1646587686.868138 sending message 112 to peer 0x138008000 (9 bytes)
1646587686.868146 sending message 112 to peer 0x138008000 (21 bytes)
1646587686.868154 sending message 112 to peer 0x138008000 (13 bytes)
1646587686.868163 sending message 112 to peer 0x138008000 (7 bytes)
1646587686.868171 sending message 112 to peer 0x138008000 (13 bytes)
1646587686.868178 sending message 112 to peer 0x138008000 (7 bytes)
1646587686.868187 sending message 112 to peer 0x138008000 (13 bytes)
1646587686.868194 sending message 112 to peer 0x138008000 (9 bytes)
1646587686.868202 sending message 112 to peer 0x138008000 (21 bytes)
1646587686.868210 sending message 112 to peer 0x138008000 (13 bytes)
1646587686.868218 sending message 112 to peer 0x138008000 (8 bytes)
1646587686.868226 sending message 112 to peer 0x138008000 (12 bytes)
1646587686.868234 sending message 112 to peer 0x138008000 (13 bytes)
1646587686.868242 sending message 112 to peer 0x138008000 (9 bytes)
1646587686.868250 sending message 112 to peer 0x138008000 (9 bytes)
1646587686.868258 sending message 112 to peer 0x138008000 (12 bytes)
1646587686.868266 sending message 112 to peer 0x138008000 (8 bytes)
1646587686.868274 sending message 112 to peer 0x138008000 (7 bytes)
1646587686.868282 sending message 112 to peer 0x138008000 (7 bytes)
1646587686.868290 sending message 112 to peer 0x138008000 (9 bytes)
1646587686.868298 sending message 112 to peer 0x138008000 (13 bytes)
1646587686.868306 sending message 112 to peer 0x138008000 (9 bytes)
1646587686.868314 sending message 112 to peer 0x138008000 (15 bytes)
1646587686.868322 sending message 112 to peer 0x138008000 (13 bytes)
1646587686.868330 sending message 112 to peer 0x138008000 (12 bytes)
1646587686.868338 sending message 112 to peer 0x138008000 (8 bytes)
1646587686.868346 sending message 112 to peer 0x138008000 (14 bytes)
1646587686.868354 sending message 112 to peer 0x138008000 (9 bytes)
1646587686.868362 sending message 112 to peer 0x138008000 (10 bytes)
1646587686.868370 sending message 112 to peer 0x138008000 (10 bytes)
1646587686.868378 sending message 112 to peer 0x138008000 (10 bytes)
1646587686.868386 sending message 112 to peer 0x138008000 (10 bytes)
1646587686.868394 sending message 112 to peer 0x138008000 (11 bytes)
1646587686.868402 sending message 112 to peer 0x138008000 (10 bytes)
1646587686.868410 sending message 112 to peer 0x138008000 (8 bytes)
1646587686.868418 sending message 112 to peer 0x138008000 (11 bytes)
1646587686.868426 sending message 112 to peer 0x138008000 (11 bytes)
1646587686.868451 sending message 112 to peer 0x138008000 (11 bytes)
1646587686.868457 sending message 112 to peer 0x138008000 (8 bytes)
1646587686.868462 sending message 112 to peer 0x138008000 (8 bytes)
1646587686.868467 sending message 112 to peer 0x138008000 (8 bytes)
1646587686.868472 sending message 112 to peer 0x138008000 (10 bytes)
1646587686.868477 sending message 112 to peer 0x138008000 (10 bytes)
1646587686.868483 sending message 112 to peer 0x138008000 (10 bytes)
1646587686.868488 sending message 112 to peer 0x138008000 (10 bytes)
1646587686.868493 sending message 112 to peer 0x138008000 (10 bytes)
1646587686.868497 sending message 112 to peer 0x138008000 (11 bytes)
1646587686.868502 sending message 112 to peer 0x138008000 (11 bytes)
1646587686.868507 sending message 112 to peer 0x138008000 (10 bytes)
1646587686.868512 sending message 112 to peer 0x138008000 (9 bytes)
1646587686.868517 sending message 112 to peer 0x138008000 (9 bytes)
1646587686.868522 sending message 112 to peer 0x138008000 (12 bytes)
1646587686.868527 sending message 112 to peer 0x138008000 (9 bytes)
1646587686.868532 sending message 112 to peer 0x138008000 (6 bytes)
1646587686.868537 sending message 112 to peer 0x138008000 (8 bytes)
1646587686.868542 sending message 112 to peer 0x138008000 (15 bytes)
1646587686.868547 sending message 112 to peer 0x138008000 (13 bytes)
1646587686.868552 sending message 112 to peer 0x138008000 (16 bytes)
1646587686.868557 sending message 112 to peer 0x138008000 (16 bytes)
1646587686.868562 sending message 112 to peer 0x138008000 (10 bytes)
1646587686.868567 sending message 112 to peer 0x138008000 (8 bytes)
1646587686.868572 sending message 112 to peer 0x138008000 (15 bytes)
1646587686.868577 sending message 112 to peer 0x138008000 (13 bytes)
1646587686.868582 sending message 112 to peer 0x138008000 (10 bytes)
1646587686.868587 sending message 112 to peer 0x138008000 (10 bytes)
1646587686.868592 sending message 112 to peer 0x138008000 (5 bytes)
1646587686.868597 sending message 112 to peer 0x138008000 (15 bytes)
1646587686.868604 sending message 104 to peer 0x138008000 (0 bytes)
1646587686.868610 sending message 110 to peer 0x138008000 (0 bytes)
1646587686.868615 sending message 107 to peer 0x138008000 (4 bytes)
1646587686.868620 sending message 105 to peer 0x138008000 (14 bytes)
1646587686.868625 sending message 105 to peer 0x138008000 (20 bytes)
1646587686.868630 sending message 105 to peer 0x138008000 (22 bytes)
1646587686.868635 sending message 105 to peer 0x138008000 (35 bytes)
1646587686.868640 sending message 105 to peer 0x138008000 (43 bytes)
1646587686.868645 sending message 105 to peer 0x138008000 (14 bytes)
1646587686.868650 sending message 105 to peer 0x138008000 (18 bytes)
1646587686.868655 sending message 105 to peer 0x138008000 (22 bytes)
1646587686.868660 sending message 105 to peer 0x138008000 (61 bytes)
1646587686.868665 sending message 105 to peer 0x138008000 (17 bytes)
1646587686.868670 sending message 105 to peer 0x138008000 (19 bytes)
1646587686.868675 sending message 105 to peer 0x138008000 (27 bytes)
1646587686.868680 sending message 105 to peer 0x138008000 (14 bytes)
1646587686.868685 sending message 105 to peer 0x138008000 (61 bytes)
1646587686.868690 sending message 105 to peer 0x138008000 (138 bytes)
1646587686.868695 sending message 105 to peer 0x138008000 (58 bytes)
1646587686.868700 sending message 105 to peer 0x138008000 (15 bytes)
1646587686.868705 sending message 105 to peer 0x138008000 (8 bytes)
1646587686.868710 sending message 105 to peer 0x138008000 (66 bytes)
1646587686.868715 sending message 105 to peer 0x138008000 (12 bytes)
1646587686.868720 sending message 105 to peer 0x138008000 (18 bytes)
1646587686.868724 sending message 105 to peer 0x138008000 (26 bytes)
1646587686.868729 sending message 105 to peer 0x138008000 (60 bytes)
1646587686.868734 sending message 105 to peer 0x138008000 (57 bytes)
1646587686.868739 sending message 105 to peer 0x138008000 (42 bytes)
1646587686.868744 sending message 105 to peer 0x138008000 (13 bytes)
1646587686.868761 sending message 105 to peer 0x138008000 (11 bytes)
1646587686.868766 sending message 105 to peer 0x138008000 (14 bytes)
1646587686.868771 sending message 105 to peer 0x138008000 (19 bytes)
1646587686.868776 sending message 105 to peer 0x138008000 (11 bytes)
1646587686.868781 sending message 105 to peer 0x138008000 (7 bytes)
1646587686.868786 sending message 105 to peer 0x138008000 (43 bytes)
1646587686.868791 sending message 105 to peer 0x138008000 (32 bytes)
1646587686.868796 sending message 105 to peer 0x138008000 (25 bytes)
1646587686.868801 sending message 106 to peer 0x138008000 (0 bytes)
1646587686.868815 sending message 200 to peer 0x138008000 (4 bytes)
1646587686.868821 client loop enter
1646587686.869097 peer 0x138008000 message 303
1646587686.869115 open write file 2 -
1646587686.869135 sending message 305 to peer 0x138008000 (8 bytes)
1646587686.869152 write check file 2
1646587686.869204 peer 0x138008000 message 304
1646587686.869217 write 58 to file 2
1646587686.869225 peer 0x138008000 message 203
1646587686.869231 file 2 58 bytes left
1646587686.869249 write check file 2
1646587686.869255 client loop exit
